<?xml version="1.0" encoding="UTF-8"?>
<!-- Generated by org.testng.reporters.JUnitXMLReporter -->
<testsuite ignored="0" hostname="monu" failures="1" tests="2" name="TC_01" time="103.71" errors="0" timestamp="2021-10-22T01:19:17 IST">
  <testcase classname="UpworkTest.HomeTask" name="HomePageOperation" time="64.603"/>
  <testcase classname="UpworkTest.HomeTask" name="SearchResultOperation" time="30.066">
    <failure type="java.lang.IndexOutOfBoundsException" message="Index 2 out of bounds for length 0">
      <![CDATA[java.lang.IndexOutOfBoundsException: Index 2 out of bounds for length 0
at java.base/jdk.internal.util.Preconditions.outOfBounds(Preconditions.java:64)
at java.base/jdk.internal.util.Preconditions.outOfBoundsCheckIndex(Preconditions.java:70)
at java.base/jdk.internal.util.Preconditions.checkIndex(Preconditions.java:266)
at java.base/java.util.Objects.checkIndex(Objects.java:359)
at java.base/java.util.ArrayList.get(ArrayList.java:427)
at pom.SearchOperation.SelectTalentFromList(SearchOperation.java:73)
at UpworkTest.HomeTask.SearchResultOperation(HomeTask.java:95)
at java.base/java.util.ArrayList.forEach(ArrayList.java:1511)
at java.base/java.util.concurrent.FutureTask.run(FutureTask.java:264)
at java.base/java.util.concurrent.ThreadPoolExecutor.runWorker(ThreadPoolExecutor.java:1130)
at java.base/java.util.concurrent.ThreadPoolExecutor$Worker.run(ThreadPoolExecutor.java:630)
at java.base/java.lang.Thread.run(Thread.java:831)
... Removed 18 stack frames]]>
    </failure>
  </testcase> <!-- SearchResultOperation -->
</testsuite> <!-- TC_01 -->
