<?xml version="1.0" encoding="UTF-8"?>
<testng-results ignored="0" total="2" passed="1" failed="1" skipped="0">
  <reporter-output>
  </reporter-output>
  <suite started-at="2021-10-22T01:17:33 IST" name="Suite" finished-at="2021-10-22T01:19:17 IST" duration-ms="103710">
    <groups>
    </groups>
    <test started-at="2021-10-22T01:17:33 IST" name="TC_01" finished-at="2021-10-22T01:19:17 IST" duration-ms="103710">
      <class name="UpworkTest.HomeTask">
        <test-method is-config="true" signature="getdriver()[pri:0, instance:UpworkTest.HomeTask@3a4e343]" started-at="2021-10-22T01:17:33 IST" name="getdriver" finished-at="2021-10-22T01:17:42 IST" duration-ms="8625" status="PASS">
          <reporter-output>
          </reporter-output>
        </test-method> <!-- getdriver -->
        <test-method signature="HomePageOperation()[pri:0, instance:UpworkTest.HomeTask@3a4e343]" started-at="2021-10-22T01:17:42 IST" name="HomePageOperation" finished-at="2021-10-22T01:18:46 IST" duration-ms="64603" status="PASS">
          <reporter-output>
          </reporter-output>
        </test-method> <!-- HomePageOperation -->
        <test-method signature="SearchResultOperation()[pri:0, instance:UpworkTest.HomeTask@3a4e343]" started-at="2021-10-22T01:18:46 IST" name="SearchResultOperation" finished-at="2021-10-22T01:19:16 IST" duration-ms="30066" status="FAIL">
          <exception class="java.lang.IndexOutOfBoundsException">
            <message>
              <![CDATA[Index 2 out of bounds for length 0]]>
            </message>
            <full-stacktrace>
              <![CDATA[java.lang.IndexOutOfBoundsException: Index 2 out of bounds for length 0
at java.base/jdk.internal.util.Preconditions.outOfBounds(Preconditions.java:64)
at java.base/jdk.internal.util.Preconditions.outOfBoundsCheckIndex(Preconditions.java:70)
at java.base/jdk.internal.util.Preconditions.checkIndex(Preconditions.java:266)
at java.base/java.util.Objects.checkIndex(Objects.java:359)
at java.base/java.util.ArrayList.get(ArrayList.java:427)
at pom.SearchOperation.SelectTalentFromList(SearchOperation.java:73)
at UpworkTest.HomeTask.SearchResultOperation(HomeTask.java:95)
at java.base/jdk.internal.reflect.NativeMethodAccessorImpl.invoke0(Native Method)
at java.base/jdk.internal.reflect.NativeMethodAccessorImpl.invoke(NativeMethodAccessorImpl.java:78)
at java.base/jdk.internal.reflect.DelegatingMethodAccessorImpl.invoke(DelegatingMethodAccessorImpl.java:43)
at java.base/java.lang.reflect.Method.invoke(Method.java:567)
at org.testng.internal.MethodInvocationHelper.invokeMethod(MethodInvocationHelper.java:132)
at org.testng.internal.TestInvoker.invokeMethod(TestInvoker.java:599)
at org.testng.internal.TestInvoker.invokeTestMethod(TestInvoker.java:174)
at org.testng.internal.MethodRunner.runInSequence(MethodRunner.java:46)
at org.testng.internal.TestInvoker$MethodInvocationAgent.invoke(TestInvoker.java:822)
at org.testng.internal.TestInvoker.invokeTestMethods(TestInvoker.java:147)
at org.testng.internal.TestMethodWorker.invokeTestMethods(TestMethodWorker.java:146)
at org.testng.internal.TestMethodWorker.run(TestMethodWorker.java:128)
at java.base/java.util.ArrayList.forEach(ArrayList.java:1511)
at org.testng.TestRunner.privateRun(TestRunner.java:764)
at org.testng.TestRunner.run(TestRunner.java:585)
at org.testng.SuiteRunner.runTest(SuiteRunner.java:384)
at org.testng.SuiteRunner.access$000(SuiteRunner.java:28)
at org.testng.SuiteRunner$SuiteWorker.run(SuiteRunner.java:425)
at org.testng.internal.thread.ThreadUtil.lambda$execute$0(ThreadUtil.java:66)
at java.base/java.util.concurrent.FutureTask.run(FutureTask.java:264)
at java.base/java.util.concurrent.ThreadPoolExecutor.runWorker(ThreadPoolExecutor.java:1130)
at java.base/java.util.concurrent.ThreadPoolExecutor$Worker.run(ThreadPoolExecutor.java:630)
at java.base/java.lang.Thread.run(Thread.java:831)
]]>
            </full-stacktrace>
          </exception> <!-- java.lang.IndexOutOfBoundsException -->
          <reporter-output>
          </reporter-output>
        </test-method> <!-- SearchResultOperation -->
        <test-method is-config="true" signature="tearDown()[pri:0, instance:UpworkTest.HomeTask@3a4e343]" started-at="2021-10-22T01:19:17 IST" name="tearDown" finished-at="2021-10-22T01:19:17 IST" duration-ms="139" status="PASS">
          <reporter-output>
          </reporter-output>
        </test-method> <!-- tearDown -->
      </class> <!-- UpworkTest.HomeTask -->
    </test> <!-- TC_01 -->
  </suite> <!-- Suite -->
</testng-results>
